Cog2000 log file Thu Aug 08 11:37:56 2019
gprim v1.33 Compiled:Aug 12 2015 (GLib DirectDraw v7 DX12.0 Compiled:Aug 12 2015)
Display:1600x1200x32 59.92Hz
4	[4]	:	COGENT START
Cogent 2000 Version 1.29
cogstd.mexw64 v1.33 Compiled:Aug 12 2015
CogProcess v1.05 Compiled: May 20 2010
Cog2000 log file Thu Aug 08 11:39:20 2019
gprim v1.33 Compiled:Aug 12 2015 (GLib DirectDraw v7 DX12.0 Compiled:Aug 12 2015)
Display:1600x1200x32 59.95Hz
0	[0]	:	COGENT START
Cogent 2000 Version 1.29
cogstd.mexw64 v1.33 Compiled:Aug 12 2015
CogProcess v1.05 Compiled: May 20 2010
Cog2000 log file Thu Aug 08 11:42:53 2019
gprim v1.33 Compiled:Aug 12 2015 (GLib DirectDraw v7 DX12.0 Compiled:Aug 12 2015)
Display:1600x1200x32 59.92Hz
0	[0]	:	COGENT START
Cogent 2000 Version 1.29
cogstd.mexw64 v1.33 Compiled:Aug 12 2015
CogProcess v1.05 Compiled: May 20 2010
Cog2000 log file Thu Aug 08 11:44:23 2019
gprim v1.33 Compiled:Aug 12 2015 (GLib DirectDraw v7 DX12.0 Compiled:Aug 12 2015)
Display:1600x1200x32 59.92Hz
0	[0]	:	COGENT START
Cogent 2000 Version 1.29
cogstd.mexw64 v1.33 Compiled:Aug 12 2015
CogProcess v1.05 Compiled: May 20 2010
Cog2000 log file Thu Aug 08 11:45:37 2019
gprim v1.33 Compiled:Aug 12 2015 (GLib DirectDraw v7 DX12.0 Compiled:Aug 12 2015)
Display:1600x1200x32 59.95Hz
0	[0]	:	COGENT START
Cogent 2000 Version 1.29
cogstd.mexw64 v1.33 Compiled:Aug 12 2015
CogProcess v1.05 Compiled: May 20 2010
Cog2000 log file Thu Aug 08 11:49:20 2019
gprim v1.33 Compiled:Aug 12 2015 (GLib DirectDraw v7 DX12.0 Compiled:Aug 12 2015)
Display:1600x1200x32 59.92Hz
0	[0]	:	COGENT START
Cogent 2000 Version 1.29
cogstd.mexw64 v1.33 Compiled:Aug 12 2015
CogProcess v1.05 Compiled: May 20 2010
Cog2000 log file Thu Aug 08 11:49:58 2019
gprim v1.33 Compiled:Aug 12 2015 (GLib DirectDraw v7 DX12.0 Compiled:Aug 12 2015)
Display:1600x1200x32 59.92Hz
0	[0]	:	COGENT START
Cogent 2000 Version 1.29
cogstd.mexw64 v1.33 Compiled:Aug 12 2015
CogProcess v1.05 Compiled: May 20 2010
Cog2000 log file Thu Aug 08 11:50:52 2019
gprim v1.33 Compiled:Aug 12 2015 (GLib DirectDraw v7 DX12.0 Compiled:Aug 12 2015)
Display:1600x1200x32 59.95Hz
0	[0]	:	COGENT START
Cogent 2000 Version 1.29
cogstd.mexw64 v1.33 Compiled:Aug 12 2015
CogProcess v1.05 Compiled: May 20 2010
